Using cpu device
Loading training and development data...
reducing feature dimensions...
	num components: 0.95
Config: {'lr_transformer': 2e-05, 'lr_classifier': 0.008, 'lr_regressor': 0.01, 'batch_size': 32, 'kfolds': 3, 'epochs': 2, 'hidden_size': 40, 'dropout_mlp': 0.4, 'dropout_roberta': 0.165}
Initializing ensemble architecture...

Loading the best models...
Evaluating models...
Ensemble	f1: {'f1': 0.46956521739130436}
Ensemble	accuracy: {'accuracy': 0.5050709939148073}

Transformer	f1: {'f1': 0.23606557377049184}
Transformer	accuracy: {'accuracy': 0.5273833671399595}

Featurizer	f1: {'f1': 0.4685466377440347}
Featurizer	accuracy: {'accuracy': 0.5030425963488844}

Loading test data...
Evaluating models...
Ensemble	f1: {'f1': 0.4304932735426009}
Ensemble	accuracy: {'accuracy': 0.48582995951417}

Transformer	f1: {'f1': 0.2133333333333333}
Transformer	accuracy: {'accuracy': 0.5222672064777328}

Featurizer	f1: {'f1': 0.4285714285714286}
Featurizer	accuracy: {'accuracy': 0.4817813765182186}

Done! Exited normally :)
