iter   1  #CD cycles 1
iter   2  #CD cycles 2
iter   3  #CD cycles 1
iter   4  #CD cycles 2
iter   5  #CD cycles 1
iter   6  #CD cycles 2
iter   7  #CD cycles 1
iter   8  #CD cycles 3
iter   9  #CD cycles 1
iter  10  #CD cycles 4
iter  11  #CD cycles 1
iter  12  #CD cycles 53
=========================
optimization finished, #iter = 12
Objective value = 420.606755
#nonzeros/#features = 2/5
Using cuda device
Using the GPU:Tesla M10
loading training and development data...
initializing ensemble architecture
preparing hurtlex dictionary...
featurizing training and dev data...
preprocessing data...
create lexical vector...
get empathy ratings...
normalizing vectors...
preprocessing data...
create lexical vector...
get empathy ratings...
normalizing vectors...
preparing input for roberta model...
training ensemble model...
	training random forest classifier...
random forest classifier accuracy
      train      test
0  0.997539  0.810127
1  0.997890  0.804501
2  0.997539  0.804501
3  0.997539  0.839662
4  0.997363  0.818565
5  0.997363  0.818565
6  0.998242  0.808720
7  0.997714  0.789030
8  0.997714  0.798875
	training logistic regression classifier
[LibLinear]logreg classifier training accuracy: 0.9759337396468198
predicting dev labels...
	dev accuracy: 0.785
outputting dev classification output...
outputting results...
