loading data...
featurizing data...
preprocessing data...
create lexical vector...
get empathy ratings...
(6399, 194)
getting tf-idf...
normalizing vectors...
[[0.16900381 0.         0.         ... 0.         0.         0.        ]
 [0.         0.19242042 0.         ... 0.         0.         0.        ]
 [0.         0.         0.         ... 0.         0.         0.        ]
 ...
 [0.2293701  0.         0.         ... 0.         0.         0.        ]
 [0.         0.         0.         ... 0.         0.         0.        ]
 [0.         0.         0.         ... 0.         0.         0.        ]]
preprocessing data...
create lexical vector...
get empathy ratings...
(800, 194)
getting tf-idf...
normalizing vectors...
[[0.55381338 0.         0.55381338 ... 0.         0.         0.        ]
 [0.         0.         0.         ... 0.         0.         0.        ]
 [0.         0.         0.         ... 0.         0.         0.        ]
 ...
 [0.         0.30070838 0.         ... 0.         0.         0.        ]
 [0.37783938 0.         0.56675907 ... 0.00309704 0.00309704 0.        ]
 [0.         0.         0.         ... 0.         0.         0.        ]]
finding optimal parameter settings...
(2min 25sec) starting random forest hyperparameter search...

Fitting 3 folds for each of 100 candidates, totalling 300 fits
(13min 59sec) training complete!
outputting optimal parameters...
best score on training data: 0.8318487263634943
[CV] END bootstrap=False, max_depth=40, max_features=sqrt, min_samples_leaf=1, min_samples_split=3, n_estimators=300; total time=  51.0s
[CV] END bootstrap=False, max_depth=10, max_features=sqrt, min_samples_leaf=2, min_samples_split=6, n_estimators=300; total time=  17.3s
[CV] END bootstrap=True, max_depth=30, max_features=sqrt, min_samples_leaf=4, min_samples_split=6, n_estimators=300; total time=  21.7s
[CV] END bootstrap=True, max_depth=70, max_features=auto, min_samples_leaf=2, min_samples_split=3, n_estimators=100; total time=  10.8s
[CV] END bootstrap=True, max_depth=100, max_features=auto, min_samples_leaf=2, min_samples_split=3, n_estimators=100; total time=  10.9s
[CV] END bootstrap=True, max_depth=20, max_features=auto, min_samples_leaf=2, min_samples_split=9, n_estimators=200; total time=  12.6s
[CV] END bootstrap=True, max_depth=80, max_features=auto, min_samples_leaf=2, min_samples_split=3, n_estimators=200; total time=  21.8s
[CV] END bootstrap=True, max_depth=70, max_features=sqrt, min_samples_leaf=4, min_samples_split=3, n_estimators=300; total time=  26.2s
[CV] END bootstrap=False, max_depth=30, max_features=sqrt, min_samples_leaf=1, min_samples_split=6, n_estimators=200; total time=  28.0s
[CV] END bootstrap=True, max_depth=40, max_features=auto, min_samples_leaf=2, min_samples_split=6, n_estimators=100; total time=   9.3s
[CV] END bootstrap=True, max_depth=20, max_features=sqrt, min_samples_leaf=1, min_samples_split=6, n_estimators=300; total time=  19.7s
[CV] END bootstrap=False, max_depth=40, max_features=auto, min_samples_leaf=1, min_samples_split=6, n_estimators=200; total time=  33.6s
[CV] END bootstrap=False, max_depth=80, max_features=sqrt, min_samples_leaf=2, min_samples_split=3, n_estimators=100; total time=  18.4s
[CV] END bootstrap=True, max_depth=20, max_features=sqrt, min_samples_leaf=1, min_samples_split=9, n_estimators=200; total time=  13.2s
[CV] END bootstrap=False, max_depth=10, max_features=auto, min_samples_leaf=1, min_samples_split=6, n_estimators=100; total time=   6.1s
[CV] END bootstrap=True, max_depth=40, max_features=sqrt, min_samples_leaf=1, min_samples_split=6, n_estimators=100; total time=  10.4s
[CV] END bootstrap=True, max_depth=80, max_features=auto, min_samples_leaf=1, min_samples_split=6, n_estimators=100; total time=  12.9s
[CV] END bootstrap=False, max_depth=20, max_features=sqrt, min_samples_leaf=1, min_samples_split=3, n_estimators=100; total time=  10.7s
[CV] END bootstrap=True, max_depth=90, max_features=auto, min_samples_leaf=4, min_samples_split=6, n_estimators=100; total time=   9.3s
[CV] END bootstrap=True, max_depth=90, max_features=auto, min_samples_leaf=1, min_samples_split=9, n_estimators=300; total time=  38.5s
[CV] END bootstrap=False, max_depth=60, max_features=auto, min_samples_leaf=2, min_samples_split=3, n_estimators=100; total time=  17.7s
[CV] END bootstrap=True, max_depth=100, max_features=sqrt, min_samples_leaf=4, min_samples_split=3, n_estimators=100; total time=   9.1s
[CV] END bootstrap=False, max_depth=90, max_features=sqrt, min_samples_leaf=2, min_samples_split=9, n_estimators=100; total time=  18.7s
[CV] END bootstrap=False, max_depth=10, max_features=sqrt, min_samples_leaf=2, min_samples_split=3, n_estimators=300; total time=  17.3s
[CV] END bootstrap=False, max_depth=100, max_features=sqrt, min_samples_leaf=4, min_samples_split=6, n_estimators=100; total time=  15.7s
[CV] END bootstrap=True, max_depth=50, max_features=sqrt, min_samples_leaf=2, min_samples_split=6, n_estimators=200; total time=  19.7s
[CV] END bootstrap=True, max_depth=20, max_features=sqrt, min_samples_leaf=4, min_samples_split=9, n_estimators=300; total time=  17.6s
[CV] END bootstrap=False, max_depth=40, max_features=sqrt, min_samples_leaf=2, min_samples_split=9, n_estimators=300; total time=  45.1s
[CV] END bootstrap=True, max_depth=30, max_features=sqrt, min_samples_leaf=1, min_samples_split=9, n_estimators=100; total time=   9.0s
[CV] END bootstrap=True, max_depth=90, max_features=auto, min_samples_leaf=1, min_samples_split=9, n_estimators=200; total time=  27.2s
[CV] END bootstrap=True, max_depth=20, max_features=sqrt, min_samples_leaf=4, min_samples_split=3, n_estimators=300; total time=  17.9s
[CV] END bootstrap=True, max_depth=80, max_features=sqrt, min_samples_leaf=4, min_samples_split=3, n_estimators=100; total time=   9.4s
[CV] END bootstrap=False, max_depth=20, max_features=auto, min_samples_leaf=4, min_samples_split=6, n_estimators=200; total time=  19.2s
[CV] END bootstrap=False, max_depth=90, max_features=auto, min_samples_leaf=4, min_samples_split=6, n_estimators=100; total time=  15.9s
[CV] END bootstrap=False, max_depth=80, max_features=auto, min_samples_leaf=1, min_samples_split=6, n_estimators=300; total time= 1.1min
[CV] END bootstrap=True, max_depth=20, max_features=auto, min_samples_leaf=1, min_samples_split=3, n_estimators=300; total time=  19.7s
[CV] END bootstrap=True, max_depth=100, max_features=sqrt, min_samples_leaf=2, min_samples_split=9, n_estimators=100; total time=  10.9s
[CV] END bootstrap=False, max_depth=90, max_features=auto, min_samples_leaf=2, min_samples_split=9, n_estimators=100; total time=  18.7s
[CV] END bootstrap=False, max_depth=100, max_features=auto, min_samples_leaf=1, min_samples_split=6, n_estimators=100; total time=  22.1s
[CV] END bootstrap=True, max_depth=10, max_features=sqrt, min_samples_leaf=4, min_samples_split=9, n_estimators=100; total time=   3.9s
[CV] END bootstrap=True, max_depth=60, max_features=auto, min_samples_leaf=1, min_samples_split=9, n_estimators=200; total time=  24.0s
[CV] END bootstrap=False, max_depth=50, max_features=auto, min_samples_leaf=1, min_samples_split=6, n_estimators=300; total time=  55.8s
[CV] END bootstrap=False, max_depth=90, max_features=auto, min_samples_leaf=4, min_samples_split=3, n_estimators=300; total time=  47.1s
[CV] END bootstrap=True, max_depth=80, max_features=auto, min_samples_leaf=1, min_samples_split=6, n_estimators=100; total time=  12.9s
[CV] END bootstrap=False, max_depth=20, max_features=sqrt, min_samples_leaf=1, min_samples_split=3, n_estimators=100; total time=  10.7s
[CV] END bootstrap=True, max_depth=90, max_features=auto, min_samples_leaf=4, min_samples_split=6, n_estimators=100; total time=   9.3s
[CV] END bootstrap=False, max_depth=70, max_features=auto, min_samples_leaf=4, min_samples_split=3, n_estimators=100; total time=  15.6s
[CV] END bootstrap=False, max_depth=30, max_features=sqrt, min_samples_leaf=2, min_samples_split=9, n_estimators=300; total time=  39.1s
[CV] END bootstrap=True, max_depth=90, max_features=sqrt, min_samples_leaf=4, min_samples_split=3, n_estimators=100; total time=   9.2s
[CV] END bootstrap=False, max_depth=10, max_features=auto, min_samples_leaf=4, min_samples_split=3, n_estimators=300; total time=  16.8s
[CV] END bootstrap=True, max_depth=30, max_features=auto, min_samples_leaf=1, min_samples_split=6, n_estimators=300; total time=  26.2s
[CV] END bootstrap=False, max_depth=70, max_features=auto, min_samples_leaf=2, min_samples_split=9, n_estimators=300; total time=  53.5s
[CV] END bootstrap=False, max_depth=40, max_features=auto, min_samples_leaf=2, min_samples_split=9, n_estimators=200; total time=  30.2s
[CV] END bootstrap=True, max_depth=10, max_features=auto, min_samples_leaf=4, min_samples_split=6, n_estimators=300; total time=  10.8s
[CV] END bootstrap=True, max_depth=100, max_features=auto, min_samples_leaf=2, min_samples_split=9, n_estimators=100; total time=  11.5s
[CV] END bootstrap=True, max_depth=70, max_features=sqrt, min_samples_leaf=1, min_samples_split=6, n_estimators=200; total time=  25.2s
[CV] END bootstrap=True, max_depth=20, max_features=sqrt, min_samples_leaf=4, min_samples_split=3, n_estimators=300; total time=  18.0s
[CV] END bootstrap=False, max_depth=40, max_features=sqrt, min_samples_leaf=1, min_samples_split=3, n_estimators=300; total time=  50.9s
[CV] END bootstrap=False, max_depth=10, max_features=sqrt, min_samples_leaf=2, min_samples_split=6, n_estimators=300; total time=  17.2s
[CV] END bootstrap=True, max_depth=30, max_features=sqrt, min_samples_leaf=4, min_samples_split=6, n_estimators=300; total time=  21.6s
[CV] END bootstrap=True, max_depth=70, max_features=auto, min_samples_leaf=2, min_samples_split=3, n_estimators=100; total time=  11.0s
[CV] END bootstrap=True, max_depth=100, max_features=auto, min_samples_leaf=2, min_samples_split=3, n_estimators=100; total time=  11.2s
[CV] END bootstrap=True, max_depth=20, max_features=auto, min_samples_leaf=2, min_samples_split=9, n_estimators=200; total time=  12.6s
[CV] END bootstrap=True, max_depth=80, max_features=auto, min_samples_leaf=2, min_samples_split=3, n_estimators=200; total time=  21.4s
[CV] END bootstrap=True, max_depth=70, max_features=sqrt, min_samples_leaf=4, min_samples_split=3, n_estimators=300; total time=  26.3s
[CV] END bootstrap=False, max_depth=30, max_features=sqrt, min_samples_leaf=1, min_samples_split=6, n_estimators=200; total time=  28.1s
[CV] END bootstrap=True, max_depth=40, max_features=auto, min_samples_leaf=2, min_samples_split=6, n_estimators=100; total time=   9.2s
[CV] END bootstrap=True, max_depth=20, max_features=sqrt, min_samples_leaf=1, min_samples_split=6, n_estimators=300; total time=  19.8s
[CV] END bootstrap=True, max_depth=80, max_features=auto, min_samples_leaf=2, min_samples_split=3, n_estimators=300; total time=  32.2s
[CV] END bootstrap=False, max_depth=30, max_features=sqrt, min_samples_leaf=1, min_samples_split=3, n_estimators=300; total time=  42.6s
[CV] END bootstrap=True, max_depth=100, max_features=auto, min_samples_leaf=1, min_samples_split=9, n_estimators=200; total time=  26.0s
[CV] END bootstrap=False, max_depth=30, max_features=auto, min_samples_leaf=2, min_samples_split=6, n_estimators=100; total time=  13.3s
[CV] END bootstrap=False, max_depth=70, max_features=auto, min_samples_leaf=4, min_samples_split=3, n_estimators=100; total time=  16.0s
[CV] END bootstrap=False, max_depth=30, max_features=sqrt, min_samples_leaf=2, min_samples_split=9, n_estimators=300; total time=  38.8s
[CV] END bootstrap=True, max_depth=90, max_features=sqrt, min_samples_leaf=4, min_samples_split=3, n_estimators=100; total time=   9.0s
[CV] END bootstrap=False, max_depth=10, max_features=auto, min_samples_leaf=4, min_samples_split=3, n_estimators=300; total time=  17.0s
[CV] END bootstrap=True, max_depth=30, max_features=auto, min_samples_leaf=1, min_samples_split=6, n_estimators=300; total time=  26.3s
[CV] END bootstrap=False, max_depth=70, max_features=auto, min_samples_leaf=2, min_samples_split=9, n_estimators=300; total time=  53.4s
[CV] END bootstrap=False, max_depth=40, max_features=auto, min_samples_leaf=2, min_samples_split=9, n_estimators=200; total time=  30.4s
[CV] END bootstrap=True, max_depth=10, max_features=auto, min_samples_leaf=4, min_samples_split=6, n_estimators=300; total time=  10.9s
[CV] END bootstrap=True, max_depth=30, max_features=sqrt, min_samples_leaf=1, min_samples_split=9, n_estimators=100; total time=   9.3s
[CV] END bootstrap=True, max_depth=70, max_features=sqrt, min_samples_leaf=1, min_samples_split=6, n_estimators=200; total time=  28.7s
[CV] END bootstrap=True, max_depth=20, max_features=sqrt, min_samples_leaf=4, min_samples_split=3, n_estimators=300; total time=  18.7s
[CV] END bootstrap=False, max_depth=40, max_features=sqrt, min_samples_leaf=1, min_samples_split=3, n_estimators=300; total time=  50.6s
[CV] END bootstrap=False, max_depth=10, max_features=sqrt, min_samples_leaf=2, min_samples_split=6, n_estimators=300; total time=  17.3s
[CV] END bootstrap=True, max_depth=30, max_features=sqrt, min_samples_leaf=4, min_samples_split=6, n_estimators=300; total time=  22.0s
[CV] END bootstrap=True, max_depth=70, max_features=auto, min_samples_leaf=2, min_samples_split=3, n_estimators=100; total time=  10.8s
[CV] END bootstrap=True, max_depth=100, max_features=auto, min_samples_leaf=2, min_samples_split=3, n_estimators=100; total time=  11.0s
[CV] END bootstrap=True, max_depth=20, max_features=auto, min_samples_leaf=2, min_samples_split=9, n_estimators=200; total time=  12.5s
[CV] END bootstrap=True, max_depth=80, max_features=auto, min_samples_leaf=2, min_samples_split=3, n_estimators=200; total time=  21.4s
[CV] END bootstrap=True, max_depth=70, max_features=sqrt, min_samples_leaf=4, min_samples_split=3, n_estimators=300; total time=  26.5s
[CV] END bootstrap=False, max_depth=30, max_features=sqrt, min_samples_leaf=1, min_samples_split=6, n_estimators=200; total time=  28.0s
[CV] END bootstrap=True, max_depth=40, max_features=auto, min_samples_leaf=2, min_samples_split=6, n_estimators=100; total time=   9.3s
[CV] END bootstrap=True, max_depth=20, max_features=sqrt, min_samples_leaf=1, min_samples_split=6, n_estimators=300; total time=  19.6s
[CV] END bootstrap=True, max_depth=80, max_features=auto, min_samples_leaf=2, min_samples_split=3, n_estimators=300; total time=  31.4s
[CV] END bootstrap=False, max_depth=30, max_features=sqrt, min_samples_leaf=1, min_samples_split=3, n_estimators=300; total time=  42.2s
[CV] END bootstrap=True, max_depth=100, max_features=auto, min_samples_leaf=1, min_samples_split=9, n_estimators=200; total time=  25.7s
[CV] END bootstrap=False, max_depth=60, max_features=sqrt, min_samples_leaf=1, min_samples_split=9, n_estimators=200; total time=  39.3s
[CV] END bootstrap=False, max_depth=60, max_features=sqrt, min_samples_leaf=2, min_samples_split=9, n_estimators=300; total time=  51.8s
[CV] END bootstrap=False, max_depth=20, max_features=auto, min_samples_leaf=1, min_samples_split=3, n_estimators=300; total time=  31.5s
[CV] END bootstrap=False, max_depth=80, max_features=sqrt, min_samples_leaf=1, min_samples_split=3, n_estimators=100; total time=  21.7s
[CV] END bootstrap=False, max_depth=20, max_features=auto, min_samples_leaf=2, min_samples_split=9, n_estimators=300; total time=  30.0s
[CV] END bootstrap=True, max_depth=70, max_features=sqrt, min_samples_leaf=1, min_samples_split=3, n_estimators=100; total time=  13.2s
[CV] END bootstrap=False, max_depth=100, max_features=sqrt, min_samples_leaf=2, min_samples_split=9, n_estimators=200; total time=  42.2s
[CV] END bootstrap=False, max_depth=100, max_features=auto, min_samples_leaf=2, min_samples_split=6, n_estimators=200; total time=  37.1s
[CV] END bootstrap=True, max_depth=40, max_features=auto, min_samples_leaf=2, min_samples_split=9, n_estimators=200; total time=  17.0s
[CV] END bootstrap=True, max_depth=80, max_features=sqrt, min_samples_leaf=4, min_samples_split=3, n_estimators=100; total time=   9.3s
[CV] END bootstrap=False, max_depth=20, max_features=auto, min_samples_leaf=4, min_samples_split=6, n_estimators=200; total time=  19.3s
[CV] END bootstrap=False, max_depth=90, max_features=auto, min_samples_leaf=4, min_samples_split=6, n_estimators=100; total time=  15.8s
[CV] END bootstrap=False, max_depth=80, max_features=auto, min_samples_leaf=1, min_samples_split=6, n_estimators=300; total time= 1.1min
[CV] END bootstrap=True, max_depth=20, max_features=auto, min_samples_leaf=1, min_samples_split=3, n_estimators=300; total time=  19.8s
[CV] END bootstrap=True, max_depth=100, max_features=sqrt, min_samples_leaf=2, min_samples_split=9, n_estimators=100; total time=  11.1s
[CV] END bootstrap=False, max_depth=90, max_features=auto, min_samples_leaf=2, min_samples_split=9, n_estimators=100; total time=  18.3s
[CV] END bootstrap=False, max_depth=100, max_features=auto, min_samples_leaf=1, min_samples_split=6, n_estimators=100; total time=  22.4s
[CV] END bootstrap=True, max_depth=10, max_features=sqrt, min_samples_leaf=4, min_samples_split=9, n_estimators=100; total time=   3.9s
[CV] END bootstrap=True, max_depth=60, max_features=auto, min_samples_leaf=1, min_samples_split=9, n_estimators=200; total time=  23.4s
[CV] END bootstrap=False, max_depth=50, max_features=auto, min_samples_leaf=1, min_samples_split=6, n_estimators=300; total time=  55.7s
[CV] END bootstrap=False, max_depth=80, max_features=sqrt, min_samples_leaf=2, min_samples_split=3, n_estimators=100; total time=  19.0s
[CV] END bootstrap=True, max_depth=20, max_features=sqrt, min_samples_leaf=1, min_samples_split=9, n_estimators=200; total time=  13.3s
[CV] END bootstrap=False, max_depth=10, max_features=auto, min_samples_leaf=1, min_samples_split=6, n_estimators=100; total time=   6.1s
[CV] END bootstrap=True, max_depth=40, max_features=sqrt, min_samples_leaf=1, min_samples_split=6, n_estimators=100; total time=  10.4s
[CV] END bootstrap=True, max_depth=40, max_features=sqrt, min_samples_leaf=2, min_samples_split=3, n_estimators=200; total time=  18.4s
[CV] END bootstrap=False, max_depth=30, max_features=auto, min_samples_leaf=2, min_samples_split=6, n_estimators=100; total time=  13.5s
[CV] END bootstrap=True, max_depth=90, max_features=auto, min_samples_leaf=1, min_samples_split=9, n_estimators=300; total time=  38.4s
[CV] END bootstrap=False, max_depth=60, max_features=auto, min_samples_leaf=2, min_samples_split=3, n_estimators=100; total time=  17.9s
[CV] END bootstrap=True, max_depth=100, max_features=sqrt, min_samples_leaf=4, min_samples_split=3, n_estimators=100; total time=   9.4s
[CV] END bootstrap=False, max_depth=90, max_features=sqrt, min_samples_leaf=2, min_samples_split=9, n_estimators=100; total time=  18.8s
[CV] END bootstrap=False, max_depth=10, max_features=sqrt, min_samples_leaf=2, min_samples_split=3, n_estimators=300; total time=  17.3s
[CV] END bootstrap=False, max_depth=100, max_features=sqrt, min_samples_leaf=4, min_samples_split=6, n_estimators=100; total time=  16.2s
[CV] END bootstrap=True, max_depth=50, max_features=sqrt, min_samples_leaf=2, min_samples_split=6, n_estimators=200; total time=  19.8s
[CV] END bootstrap=True, max_depth=20, max_features=sqrt, min_samples_leaf=4, min_samples_split=9, n_estimators=300; total time=  17.8s
[CV] END bootstrap=False, max_depth=40, max_features=sqrt, min_samples_leaf=2, min_samples_split=9, n_estimators=300; total time=  45.8s
[CV] END bootstrap=True, max_depth=100, max_features=auto, min_samples_leaf=2, min_samples_split=9, n_estimators=100; total time=  11.1s
[CV] END bootstrap=False, max_depth=100, max_features=auto, min_samples_leaf=2, min_samples_split=6, n_estimators=200; total time=  37.5s
[CV] END bootstrap=True, max_depth=40, max_features=auto, min_samples_leaf=2, min_samples_split=9, n_estimators=200; total time=  17.2s
[CV] END bootstrap=False, max_depth=10, max_features=sqrt, min_samples_leaf=4, min_samples_split=6, n_estimators=100; total time=   6.0s
[CV] END bootstrap=False, max_depth=100, max_features=auto, min_samples_leaf=4, min_samples_split=9, n_estimators=200; total time=  31.8s
[CV] END bootstrap=False, max_depth=100, max_features=sqrt, min_samples_leaf=4, min_samples_split=3, n_estimators=100; total time=  16.0s
[CV] END bootstrap=False, max_depth=20, max_features=sqrt, min_samples_leaf=2, min_samples_split=6, n_estimators=200; total time=  20.3s
[CV] END bootstrap=True, max_depth=70, max_features=sqrt, min_samples_leaf=2, min_samples_split=6, n_estimators=300; total time=  31.5s
[CV] END bootstrap=False, max_depth=70, max_features=sqrt, min_samples_leaf=1, min_samples_split=3, n_estimators=300; total time= 1.1min
[CV] END bootstrap=False, max_depth=30, max_features=auto, min_samples_leaf=1, min_samples_split=9, n_estimators=300; total time=  41.8s
[CV] END bootstrap=True, max_depth=60, max_features=sqrt, min_samples_leaf=2, min_samples_split=6, n_estimators=100; total time=  10.5s
[CV] END bootstrap=False, max_depth=100, max_features=sqrt, min_samples_leaf=4, min_samples_split=6, n_estimators=300; total time=  46.7s
[CV] END bootstrap=True, max_depth=30, max_features=auto, min_samples_leaf=1, min_samples_split=3, n_estimators=200; total time=  17.7s
[CV] END bootstrap=True, max_depth=10, max_features=sqrt, min_samples_leaf=1, min_samples_split=6, n_estimators=200; total time=   7.7s
[CV] END bootstrap=False, max_depth=50, max_features=sqrt, min_samples_leaf=1, min_samples_split=6, n_estimators=200; total time=  37.5s
[CV] END bootstrap=False, max_depth=30, max_features=auto, min_samples_leaf=2, min_samples_split=6, n_estimators=100; total time=  13.4s
[CV] END bootstrap=True, max_depth=90, max_features=auto, min_samples_leaf=1, min_samples_split=9, n_estimators=300; total time=  38.4s
[CV] END bootstrap=False, max_depth=60, max_features=auto, min_samples_leaf=2, min_samples_split=3, n_estimators=100; total time=  17.6s
[CV] END bootstrap=True, max_depth=100, max_features=sqrt, min_samples_leaf=4, min_samples_split=3, n_estimators=100; total time=   9.3s
[CV] END bootstrap=False, max_depth=90, max_features=sqrt, min_samples_leaf=2, min_samples_split=9, n_estimators=100; total time=  18.5s
[CV] END bootstrap=False, max_depth=10, max_features=sqrt, min_samples_leaf=2, min_samples_split=3, n_estimators=300; total time=  17.3s
[CV] END bootstrap=False, max_depth=100, max_features=sqrt, min_samples_leaf=4, min_samples_split=6, n_estimators=100; total time=  15.8s
[CV] END bootstrap=True, max_depth=50, max_features=sqrt, min_samples_leaf=2, min_samples_split=6, n_estimators=200; total time=  19.5s
[CV] END bootstrap=True, max_depth=20, max_features=sqrt, min_samples_leaf=4, min_samples_split=9, n_estimators=300; total time=  17.6s
[CV] END bootstrap=False, max_depth=40, max_features=sqrt, min_samples_leaf=2, min_samples_split=9, n_estimators=300; total time=  49.8s
[CV] END bootstrap=True, max_depth=100, max_features=auto, min_samples_leaf=2, min_samples_split=9, n_estimators=100; total time=  11.2s
[CV] END bootstrap=False, max_depth=100, max_features=auto, min_samples_leaf=2, min_samples_split=6, n_estimators=200; total time=  38.1s
[CV] END bootstrap=True, max_depth=40, max_features=auto, min_samples_leaf=2, min_samples_split=9, n_estimators=200; total time=  17.1s
[CV] END bootstrap=True, max_depth=80, max_features=sqrt, min_samples_leaf=4, min_samples_split=3, n_estimators=100; total time=   9.2s
[CV] END bootstrap=False, max_depth=20, max_features=auto, min_samples_leaf=4, min_samples_split=6, n_estimators=200; total time=  19.2s
[CV] END bootstrap=False, max_depth=90, max_features=auto, min_samples_leaf=4, min_samples_split=6, n_estimators=100; total time=  16.1s
[CV] END bootstrap=False, max_depth=80, max_features=auto, min_samples_leaf=1, min_samples_split=6, n_estimators=300; total time= 1.1min
[CV] END bootstrap=True, max_depth=20, max_features=auto, min_samples_leaf=1, min_samples_split=3, n_estimators=300; total time=  19.9s
[CV] END bootstrap=True, max_depth=100, max_features=sqrt, min_samples_leaf=2, min_samples_split=9, n_estimators=100; total time=  11.1s
[CV] END bootstrap=False, max_depth=90, max_features=auto, min_samples_leaf=2, min_samples_split=9, n_estimators=100; total time=  18.6s
[CV] END bootstrap=False, max_depth=100, max_features=auto, min_samples_leaf=1, min_samples_split=6, n_estimators=100; total time=  22.0s
[CV] END bootstrap=True, max_depth=10, max_features=sqrt, min_samples_leaf=4, min_samples_split=9, n_estimators=100; total time=   3.9s
[CV] END bootstrap=True, max_depth=60, max_features=auto, min_samples_leaf=1, min_samples_split=9, n_estimators=200; total time=  23.7s
[CV] END bootstrap=False, max_depth=50, max_features=auto, min_samples_leaf=1, min_samples_split=6, n_estimators=300; total time=  55.9s
[CV] END bootstrap=False, max_depth=90, max_features=auto, min_samples_leaf=4, min_samples_split=3, n_estimators=300; total time=  46.5s
[CV] END bootstrap=True, max_depth=80, max_features=auto, min_samples_leaf=1, min_samples_split=6, n_estimators=100; total time=  12.9s
[CV] END bootstrap=False, max_depth=20, max_features=sqrt, min_samples_leaf=1, min_samples_split=3, n_estimators=100; total time=  10.9s
[CV] END bootstrap=True, max_depth=90, max_features=auto, min_samples_leaf=4, min_samples_split=6, n_estimators=100; total time=   9.1s
[CV] END bootstrap=False, max_depth=70, max_features=auto, min_samples_leaf=4, min_samples_split=3, n_estimators=100; total time=  15.4s
[CV] END bootstrap=False, max_depth=30, max_features=sqrt, min_samples_leaf=2, min_samples_split=9, n_estimators=300; total time=  39.1s
[CV] END bootstrap=True, max_depth=90, max_features=sqrt, min_samples_leaf=4, min_samples_split=3, n_estimators=100; total time=   9.4s
[CV] END bootstrap=False, max_depth=10, max_features=auto, min_samples_leaf=4, min_samples_split=3, n_estimators=300; total time=  17.1s
[CV] END bootstrap=True, max_depth=30, max_features=auto, min_samples_leaf=1, min_samples_split=6, n_estimators=300; total time=  26.1s
[CV] END bootstrap=False, max_depth=70, max_features=auto, min_samples_leaf=2, min_samples_split=9, n_estimators=300; total time=  53.0s
[CV] END bootstrap=False, max_depth=40, max_features=auto, min_samples_leaf=2, min_samples_split=9, n_estimators=200; total time=  30.2s
[CV] END bootstrap=True, max_depth=10, max_features=auto, min_samples_leaf=4, min_samples_split=6, n_estimators=300; total time=  10.9s
[CV] END bootstrap=True, max_depth=30, max_features=sqrt, min_samples_leaf=1, min_samples_split=9, n_estimators=100; total time=   8.9s
[CV] END bootstrap=True, max_depth=70, max_features=sqrt, min_samples_leaf=1, min_samples_split=6, n_estimators=200; total time=  24.9s
[CV] END bootstrap=True, max_depth=90, max_features=sqrt, min_samples_leaf=1, min_samples_split=6, n_estimators=300; total time=  38.7s
[CV] END bootstrap=False, max_depth=10, max_features=sqrt, min_samples_leaf=4, min_samples_split=6, n_estimators=100; total time=   6.0s
[CV] END bootstrap=False, max_depth=100, max_features=auto, min_samples_leaf=4, min_samples_split=9, n_estimators=200; total time=  31.3s
[CV] END bootstrap=False, max_depth=100, max_features=sqrt, min_samples_leaf=4, min_samples_split=3, n_estimators=100; total time=  16.3s
[CV] END bootstrap=False, max_depth=20, max_features=sqrt, min_samples_leaf=2, min_samples_split=6, n_estimators=200; total time=  20.3s
[CV] END bootstrap=True, max_depth=70, max_features=sqrt, min_samples_leaf=2, min_samples_split=6, n_estimators=300; total time=  31.9s
[CV] END bootstrap=False, max_depth=70, max_features=sqrt, min_samples_leaf=1, min_samples_split=3, n_estimators=300; total time= 1.1min
[CV] END bootstrap=False, max_depth=30, max_features=auto, min_samples_leaf=1, min_samples_split=9, n_estimators=300; total time=  41.7s
[CV] END bootstrap=True, max_depth=60, max_features=sqrt, min_samples_leaf=2, min_samples_split=6, n_estimators=100; total time=  10.5s
[CV] END bootstrap=False, max_depth=100, max_features=sqrt, min_samples_leaf=4, min_samples_split=6, n_estimators=300; total time=  46.3s
[CV] END bootstrap=True, max_depth=30, max_features=auto, min_samples_leaf=1, min_samples_split=3, n_estimators=200; total time=  17.7s
[CV] END bootstrap=True, max_depth=10, max_features=sqrt, min_samples_leaf=1, min_samples_split=6, n_estimators=200; total time=   7.7s
[CV] END bootstrap=False, max_depth=50, max_features=sqrt, min_samples_leaf=1, min_samples_split=6, n_estimators=200; total time=  36.8s
[CV] END bootstrap=False, max_depth=80, max_features=auto, min_samples_leaf=2, min_samples_split=9, n_estimators=100; total time=  18.3s
[CV] END bootstrap=False, max_depth=100, max_features=sqrt, min_samples_leaf=2, min_samples_split=3, n_estimators=100; total time=  19.1s
[CV] END bootstrap=True, max_depth=60, max_features=auto, min_samples_leaf=4, min_samples_split=3, n_estimators=200; total time=  17.7s
[CV] END bootstrap=False, max_depth=70, max_features=auto, min_samples_leaf=2, min_samples_split=6, n_estimators=100; total time=  18.2s
[CV] END bootstrap=False, max_depth=60, max_features=auto, min_samples_leaf=2, min_samples_split=9, n_estimators=100; total time=  17.6s
[CV] END bootstrap=True, max_depth=70, max_features=sqrt, min_samples_leaf=4, min_samples_split=9, n_estimators=300; total time=  26.7s
[CV] END bootstrap=False, max_depth=80, max_features=sqrt, min_samples_leaf=1, min_samples_split=6, n_estimators=200; total time=  42.4s
[CV] END bootstrap=True, max_depth=20, max_features=auto, min_samples_leaf=1, min_samples_split=6, n_estimators=300; total time=  19.8s
[CV] END bootstrap=True, max_depth=80, max_features=auto, min_samples_leaf=4, min_samples_split=9, n_estimators=300; total time=  27.1s
[CV] END bootstrap=False, max_depth=70, max_features=sqrt, min_samples_leaf=2, min_samples_split=6, n_estimators=200; total time=  36.5s
[CV] END bootstrap=False, max_depth=70, max_features=auto, min_samples_leaf=4, min_samples_split=6, n_estimators=300; total time=  44.5s
[CV] END bootstrap=False, max_depth=10, max_features=auto, min_samples_leaf=1, min_samples_split=9, n_estimators=300; total time=  17.3s
[CV] END bootstrap=False, max_depth=90, max_features=auto, min_samples_leaf=4, min_samples_split=3, n_estimators=200; total time=  31.6s
[CV] END bootstrap=False, max_depth=100, max_features=auto, min_samples_leaf=4, min_samples_split=6, n_estimators=200; total time=  31.3s
[CV] END bootstrap=True, max_depth=90, max_features=auto, min_samples_leaf=2, min_samples_split=9, n_estimators=200; total time=  21.6s
[CV] END bootstrap=False, max_depth=70, max_features=sqrt, min_samples_leaf=4, min_samples_split=6, n_estimators=100; total time=  15.2s
[CV] END bootstrap=True, max_depth=90, max_features=sqrt, min_samples_leaf=4, min_samples_split=9, n_estimators=300; total time=  26.0s
[CV] END bootstrap=False, max_depth=60, max_features=sqrt, min_samples_leaf=1, min_samples_split=3, n_estimators=100; total time=  20.4s
[CV] END bootstrap=False, max_depth=50, max_features=auto, min_samples_leaf=1, min_samples_split=6, n_estimators=200; total time=  37.0s
[CV] END bootstrap=False, max_depth=20, max_features=auto, min_samples_leaf=4, min_samples_split=6, n_estimators=300; total time=  28.3s
[CV] END bootstrap=True, max_depth=80, max_features=auto, min_samples_leaf=2, min_samples_split=3, n_estimators=300; total time=  32.0s
[CV] END bootstrap=False, max_depth=30, max_features=sqrt, min_samples_leaf=1, min_samples_split=3, n_estimators=300; total time=  42.1s
[CV] END bootstrap=True, max_depth=100, max_features=auto, min_samples_leaf=1, min_samples_split=9, n_estimators=200; total time=  25.6s
[CV] END bootstrap=False, max_depth=60, max_features=sqrt, min_samples_leaf=1, min_samples_split=9, n_estimators=200; total time=  38.9s
[CV] END bootstrap=True, max_depth=60, max_features=auto, min_samples_leaf=4, min_samples_split=3, n_estimators=200; total time=  17.4s
[CV] END bootstrap=False, max_depth=70, max_features=auto, min_samples_leaf=2, min_samples_split=6, n_estimators=100; total time=  18.2s
[CV] END bootstrap=False, max_depth=60, max_features=auto, min_samples_leaf=2, min_samples_split=9, n_estimators=100; total time=  17.5s
[CV] END bootstrap=True, max_depth=70, max_features=sqrt, min_samples_leaf=4, min_samples_split=9, n_estimators=300; total time=  26.5s
[CV] END bootstrap=False, max_depth=80, max_features=sqrt, min_samples_leaf=1, min_samples_split=6, n_estimators=200; total time=  42.8s
[CV] END bootstrap=True, max_depth=20, max_features=auto, min_samples_leaf=1, min_samples_split=6, n_estimators=300; total time=  19.7s
[CV] END bootstrap=True, max_depth=80, max_features=auto, min_samples_leaf=4, min_samples_split=9, n_estimators=300; total time=  26.8s
[CV] END bootstrap=False, max_depth=70, max_features=sqrt, min_samples_leaf=2, min_samples_split=6, n_estimators=200; total time=  36.1s
[CV] END bootstrap=False, max_depth=70, max_features=auto, min_samples_leaf=4, min_samples_split=6, n_estimators=300; total time=  45.3s
[CV] END bootstrap=False, max_depth=10, max_features=sqrt, min_samples_leaf=4, min_samples_split=6, n_estimators=100; total time=   6.0s
[CV] END bootstrap=False, max_depth=100, max_features=auto, min_samples_leaf=4, min_samples_split=9, n_estimators=200; total time=  31.8s
[CV] END bootstrap=False, max_depth=100, max_features=sqrt, min_samples_leaf=4, min_samples_split=3, n_estimators=100; total time=  16.1s
[CV] END bootstrap=False, max_depth=20, max_features=sqrt, min_samples_leaf=2, min_samples_split=6, n_estimators=200; total time=  20.4s
[CV] END bootstrap=True, max_depth=70, max_features=sqrt, min_samples_leaf=2, min_samples_split=6, n_estimators=300; total time=  31.4s
[CV] END bootstrap=False, max_depth=70, max_features=sqrt, min_samples_leaf=1, min_samples_split=3, n_estimators=300; total time= 1.0min
[CV] END bootstrap=False, max_depth=30, max_features=auto, min_samples_leaf=1, min_samples_split=9, n_estimators=300; total time=  41.6s
[CV] END bootstrap=True, max_depth=60, max_features=sqrt, min_samples_leaf=2, min_samples_split=6, n_estimators=100; total time=  10.7s
[CV] END bootstrap=False, max_depth=100, max_features=sqrt, min_samples_leaf=4, min_samples_split=6, n_estimators=300; total time=  47.1s
[CV] END bootstrap=True, max_depth=30, max_features=auto, min_samples_leaf=1, min_samples_split=3, n_estimators=200; total time=  17.7s
[CV] END bootstrap=True, max_depth=10, max_features=sqrt, min_samples_leaf=1, min_samples_split=6, n_estimators=200; total time=   7.7s
[CV] END bootstrap=False, max_depth=50, max_features=sqrt, min_samples_leaf=1, min_samples_split=6, n_estimators=200; total time=  36.5s
[CV] END bootstrap=False, max_depth=60, max_features=sqrt, min_samples_leaf=1, min_samples_split=9, n_estimators=200; total time=  39.3s
[CV] END bootstrap=False, max_depth=60, max_features=sqrt, min_samples_leaf=2, min_samples_split=9, n_estimators=300; total time=  51.3s
[CV] END bootstrap=False, max_depth=20, max_features=auto, min_samples_leaf=1, min_samples_split=3, n_estimators=300; total time=  31.4s
[CV] END bootstrap=False, max_depth=80, max_features=sqrt, min_samples_leaf=1, min_samples_split=3, n_estimators=100; total time=  22.0s
[CV] END bootstrap=False, max_depth=20, max_features=auto, min_samples_leaf=2, min_samples_split=9, n_estimators=300; total time=  30.0s
[CV] END bootstrap=True, max_depth=70, max_features=sqrt, min_samples_leaf=1, min_samples_split=3, n_estimators=100; total time=  13.0s
[CV] END bootstrap=False, max_depth=100, max_features=sqrt, min_samples_leaf=2, min_samples_split=9, n_estimators=200; total time=  37.1s
[CV] END bootstrap=True, max_depth=90, max_features=auto, min_samples_leaf=1, min_samples_split=9, n_estimators=200; total time=  25.9s
[CV] END bootstrap=True, max_depth=90, max_features=sqrt, min_samples_leaf=1, min_samples_split=6, n_estimators=300; total time=  39.6s
[CV] END bootstrap=False, max_depth=10, max_features=auto, min_samples_leaf=1, min_samples_split=9, n_estimators=300; total time=  17.5s
[CV] END bootstrap=False, max_depth=90, max_features=auto, min_samples_leaf=4, min_samples_split=3, n_estimators=200; total time=  31.1s
[CV] END bootstrap=False, max_depth=100, max_features=auto, min_samples_leaf=4, min_samples_split=6, n_estimators=200; total time=  31.8s
[CV] END bootstrap=True, max_depth=90, max_features=auto, min_samples_leaf=2, min_samples_split=9, n_estimators=200; total time=  21.0s
[CV] END bootstrap=False, max_depth=70, max_features=sqrt, min_samples_leaf=4, min_samples_split=6, n_estimators=100; total time=  15.6s
[CV] END bootstrap=True, max_depth=90, max_features=sqrt, min_samples_leaf=4, min_samples_split=9, n_estimators=300; total time=  27.1s
[CV] END bootstrap=False, max_depth=60, max_features=sqrt, min_samples_leaf=1, min_samples_split=3, n_estimators=100; total time=  20.2s
[CV] END bootstrap=False, max_depth=50, max_features=auto, min_samples_leaf=1, min_samples_split=6, n_estimators=200; total time=  36.9s
[CV] END bootstrap=False, max_depth=20, max_features=auto, min_samples_leaf=4, min_samples_split=6, n_estimators=300; total time=  28.7s
[CV] END bootstrap=False, max_depth=40, max_features=auto, min_samples_leaf=1, min_samples_split=6, n_estimators=200; total time=  33.2s
[CV] END bootstrap=False, max_depth=80, max_features=sqrt, min_samples_leaf=2, min_samples_split=3, n_estimators=100; total time=  18.3s
[CV] END bootstrap=True, max_depth=20, max_features=sqrt, min_samples_leaf=1, min_samples_split=9, n_estimators=200; total time=  13.2s
[CV] END bootstrap=False, max_depth=10, max_features=auto, min_samples_leaf=1, min_samples_split=6, n_estimators=100; total time=   6.1s
[CV] END bootstrap=True, max_depth=40, max_features=sqrt, min_samples_leaf=1, min_samples_split=6, n_estimators=100; total time=  10.4s
[CV] END bootstrap=True, max_depth=40, max_features=sqrt, min_samples_leaf=2, min_samples_split=3, n_estimators=200; total time=  18.4s
[CV] END bootstrap=False, max_depth=80, max_features=auto, min_samples_leaf=2, min_samples_split=9, n_estimators=100; total time=  18.7s
[CV] END bootstrap=False, max_depth=100, max_features=sqrt, min_samples_leaf=2, min_samples_split=3, n_estimators=100; total time=  18.7s
[CV] END bootstrap=True, max_depth=60, max_features=auto, min_samples_leaf=4, min_samples_split=3, n_estimators=200; total time=  17.6s
[CV] END bootstrap=False, max_depth=70, max_features=auto, min_samples_leaf=2, min_samples_split=6, n_estimators=100; total time=  18.5s
[CV] END bootstrap=False, max_depth=60, max_features=auto, min_samples_leaf=2, min_samples_split=9, n_estimators=100; total time=  18.1s
[CV] END bootstrap=True, max_depth=70, max_features=sqrt, min_samples_leaf=4, min_samples_split=9, n_estimators=300; total time=  26.6s
[CV] END bootstrap=False, max_depth=80, max_features=sqrt, min_samples_leaf=1, min_samples_split=6, n_estimators=200; total time=  42.9s
[CV] END bootstrap=True, max_depth=20, max_features=auto, min_samples_leaf=1, min_samples_split=6, n_estimators=300; total time=  19.7s
[CV] END bootstrap=True, max_depth=80, max_features=auto, min_samples_leaf=4, min_samples_split=9, n_estimators=300; total time=  27.0s
[CV] END bootstrap=False, max_depth=70, max_features=sqrt, min_samples_leaf=2, min_samples_split=6, n_estimators=200; total time=  35.9s
[CV] END bootstrap=False, max_depth=70, max_features=auto, min_samples_leaf=4, min_samples_split=6, n_estimators=300; total time=  44.5s
[CV] END bootstrap=False, max_depth=10, max_features=auto, min_samples_leaf=1, min_samples_split=9, n_estimators=300; total time=  17.6s
[CV] END bootstrap=False, max_depth=90, max_features=auto, min_samples_leaf=4, min_samples_split=3, n_estimators=200; total time=  32.0s
[CV] END bootstrap=False, max_depth=100, max_features=auto, min_samples_leaf=4, min_samples_split=6, n_estimators=200; total time=  31.8s
[CV] END bootstrap=True, max_depth=90, max_features=auto, min_samples_leaf=2, min_samples_split=9, n_estimators=200; total time=  21.8s
[CV] END bootstrap=False, max_depth=70, max_features=sqrt, min_samples_leaf=4, min_samples_split=6, n_estimators=100; total time=  15.8s
[CV] END bootstrap=True, max_depth=90, max_features=sqrt, min_samples_leaf=4, min_samples_split=9, n_estimators=300; total time=  26.8s
[CV] END bootstrap=False, max_depth=60, max_features=sqrt, min_samples_leaf=1, min_samples_split=3, n_estimators=100; total time=  20.3s
[CV] END bootstrap=False, max_depth=50, max_features=auto, min_samples_leaf=1, min_samples_split=6, n_estimators=200; total time=  36.8s
[CV] END bootstrap=False, max_depth=20, max_features=auto, min_samples_leaf=4, min_samples_split=6, n_estimators=300; total time=  28.5s
[CV] END bootstrap=False, max_depth=40, max_features=auto, min_samples_leaf=1, min_samples_split=6, n_estimators=200; total time=  33.4s
[CV] END bootstrap=False, max_depth=90, max_features=auto, min_samples_leaf=4, min_samples_split=3, n_estimators=300; total time=  47.2s
[CV] END bootstrap=True, max_depth=40, max_features=sqrt, min_samples_leaf=2, min_samples_split=3, n_estimators=200; total time=  18.2s
[CV] END bootstrap=False, max_depth=80, max_features=auto, min_samples_leaf=2, min_samples_split=9, n_estimators=100; total time=  18.4s
[CV] END bootstrap=False, max_depth=100, max_features=sqrt, min_samples_leaf=2, min_samples_split=3, n_estimators=100; total time=  19.3s
[CV] END bootstrap=False, max_depth=60, max_features=sqrt, min_samples_leaf=2, min_samples_split=9, n_estimators=300; total time=  51.7s
[CV] END bootstrap=False, max_depth=20, max_features=auto, min_samples_leaf=1, min_samples_split=3, n_estimators=300; total time=  31.7s
[CV] END bootstrap=False, max_depth=80, max_features=sqrt, min_samples_leaf=1, min_samples_split=3, n_estimators=100; total time=  21.7s
[CV] END bootstrap=False, max_depth=20, max_features=auto, min_samples_leaf=2, min_samples_split=9, n_estimators=300; total time=  30.2s
[CV] END bootstrap=True, max_depth=70, max_features=sqrt, min_samples_leaf=1, min_samples_split=3, n_estimators=100; total time=  12.9s
[CV] END bootstrap=False, max_depth=100, max_features=sqrt, min_samples_leaf=2, min_samples_split=9, n_estimators=200; total time=  37.3s
[CV] END bootstrap=True, max_depth=90, max_features=auto, min_samples_leaf=1, min_samples_split=9, n_estimators=200; total time=  25.6s
[CV] END bootstrap=True, max_depth=90, max_features=sqrt, min_samples_leaf=1, min_samples_split=6, n_estimators=300; total time=  40.7s
